<?xml version="1.0" encoding="UTF-8"?>
<!-- Generated by org.testng.reporters.JUnitXMLReporter -->
<testsuite ignored="0" hostname="masud" failures="0" tests="8" name="Qfox" time="49.903" errors="0" timestamp="2024-10-01T18:11:50 EDT">
  <testcase classname="com.qa.TestCases.Register" name="makeRegister" time="0.792"/>
  <testcase classname="com.qa.TestCases.Login" name="validlogin" time="0.559"/>
  <testcase classname="com.qa.TestCases.Login" name="validlogin" time="0.546"/>
  <testcase classname="com.qa.TestCases.Login" name="validlogin" time="0.382"/>
  <testcase classname="com.qa.TestCases.Login" name="validlogin" time="0.44"/>
  <testcase classname="com.qa.TestCases.Login" name="validlogin" time="0.578"/>
  <testcase classname="com.qa.TestCases.Login" name="invaludLogin" time="0.589"/>
  <testcase classname="com.qa.TestCases.Search" name="validSearch" time="0.053"/>
</testsuite> <!-- Qfox -->
