<?xml version="1.0" encoding="UTF-8"?>
<!-- Generated by org.testng.reporters.JUnitXMLReporter -->
<testsuite ignored="0" hostname="masud" failures="0" tests="8" name="Qfox" time="60.101" errors="0" timestamp="2024-10-03T08:20:18 EDT">
  <testcase classname="com.qa.TestCases.Register" name="makeRegister" time="0.992"/>
  <testcase classname="com.qa.TestCases.Login" name="validlogin" time="0.609"/>
  <testcase classname="com.qa.TestCases.Login" name="validlogin" time="0.826"/>
  <testcase classname="com.qa.TestCases.Login" name="validlogin" time="0.665"/>
  <testcase classname="com.qa.TestCases.Login" name="validlogin" time="0.61"/>
  <testcase classname="com.qa.TestCases.Login" name="validlogin" time="1.731"/>
  <testcase classname="com.qa.TestCases.Login" name="invaludLogin" time="0.639"/>
  <testcase classname="com.qa.TestCases.Search" name="validSearch" time="0.075"/>
</testsuite> <!-- Qfox -->
