<?xml version="1.0" encoding="UTF-8"?>
<testng-results ignored="0" total="8" passed="8" failed="0" skipped="0">
  <reporter-output>
  </reporter-output>
  <suite started-at="2024-10-03T08:19:18 EDT" name="Test Automation" finished-at="2024-10-03T08:20:18 EDT" duration-ms="60101">
    <groups>
    </groups>
    <test started-at="2024-10-03T08:19:18 EDT" name="Qfox" finished-at="2024-10-03T08:20:18 EDT" duration-ms="60101">
      <class name="com.qa.TestCases.Search">
        <test-method is-config="true" signature="setup()[pri:0, instance:com.qa.TestCases.Search@dbd8e44]" started-at="2024-10-03T08:20:13 EDT" name="setup" finished-at="2024-10-03T08:20:17 EDT" duration-ms="4176" status="PASS">
          <reporter-output>
          </reporter-output>
        </test-method> <!-- setup -->
        <test-method signature="validSearch()[pri:0, instance:com.qa.TestCases.Search@dbd8e44]" started-at="2024-10-03T08:20:17 EDT" name="validSearch" finished-at="2024-10-03T08:20:17 EDT" duration-ms="75" status="PASS">
          <reporter-output>
          </reporter-output>
        </test-method> <!-- validSearch -->
        <test-method is-config="true" signature="closeBrowser()[pri:0, instance:com.qa.TestCases.Search@dbd8e44]" started-at="2024-10-03T08:20:17 EDT" name="closeBrowser" finished-at="2024-10-03T08:20:18 EDT" duration-ms="685" status="PASS">
          <reporter-output>
          </reporter-output>
        </test-method> <!-- closeBrowser -->
      </class> <!-- com.qa.TestCases.Search -->
      <class name="com.qa.TestCases.Register">
        <test-method is-config="true" signature="setup()[pri:0, instance:com.qa.TestCases.Register@1921ad94]" started-at="2024-10-03T08:19:18 EDT" name="setup" finished-at="2024-10-03T08:19:26 EDT" duration-ms="7285" status="PASS">
          <reporter-output>
          </reporter-output>
        </test-method> <!-- setup -->
        <test-method signature="makeRegister()[pri:0, instance:com.qa.TestCases.Register@1921ad94]" started-at="2024-10-03T08:19:26 EDT" name="makeRegister" finished-at="2024-10-03T08:19:27 EDT" duration-ms="992" status="PASS">
          <reporter-output>
          </reporter-output>
        </test-method> <!-- makeRegister -->
        <test-method is-config="true" signature="closeBrowser()[pri:0, instance:com.qa.TestCases.Register@1921ad94]" started-at="2024-10-03T08:19:27 EDT" name="closeBrowser" finished-at="2024-10-03T08:19:27 EDT" duration-ms="942" status="PASS">
          <reporter-output>
          </reporter-output>
        </test-method> <!-- closeBrowser -->
      </class> <!-- com.qa.TestCases.Register -->
      <class name="com.qa.TestCases.Login">
        <test-method is-config="true" signature="setup()[pri:0, instance:com.qa.TestCases.Login@79179359]" started-at="2024-10-03T08:19:29 EDT" name="setup" finished-at="2024-10-03T08:19:34 EDT" duration-ms="5642" status="PASS">
          <reporter-output>
          </reporter-output>
        </test-method> <!-- setup -->
        <test-method signature="validlogin(java.lang.String,java.lang.String)[pri:1, instance:com.qa.TestCases.Login@79179359]" started-at="2024-10-03T08:19:34 EDT" name="validlogin" data-provider="valicredential" finished-at="2024-10-03T08:19:35 EDT" duration-ms="609" status="PASS">
          <params>
            <param index="0">
              <value>
                <![CDATA[Email]]>
              </value>
            </param>
            <param index="1">
              <value>
                <![CDATA[Password]]>
              </value>
            </param>
          </params>
          <reporter-output>
          </reporter-output>
        </test-method> <!-- validlogin -->
        <test-method is-config="true" signature="closeBrowser()[pri:0, instance:com.qa.TestCases.Login@79179359]" started-at="2024-10-03T08:19:35 EDT" name="closeBrowser" finished-at="2024-10-03T08:19:36 EDT" duration-ms="691" status="PASS">
          <reporter-output>
          </reporter-output>
        </test-method> <!-- closeBrowser -->
        <test-method is-config="true" signature="setup()[pri:0, instance:com.qa.TestCases.Login@79179359]" started-at="2024-10-03T08:19:36 EDT" name="setup" finished-at="2024-10-03T08:19:41 EDT" duration-ms="5675" status="PASS">
          <reporter-output>
          </reporter-output>
        </test-method> <!-- setup -->
        <test-method signature="validlogin(java.lang.String,java.lang.String)[pri:1, instance:com.qa.TestCases.Login@79179359]" started-at="2024-10-03T08:19:41 EDT" name="validlogin" data-provider="valicredential" finished-at="2024-10-03T08:19:42 EDT" duration-ms="826" status="PASS">
          <params>
            <param index="0">
              <value>
                <![CDATA[masud3386@yahoo.com]]>
              </value>
            </param>
            <param index="1">
              <value>
                <![CDATA[ami]]>
              </value>
            </param>
          </params>
          <reporter-output>
          </reporter-output>
        </test-method> <!-- validlogin -->
        <test-method is-config="true" signature="closeBrowser()[pri:0, instance:com.qa.TestCases.Login@79179359]" started-at="2024-10-03T08:19:42 EDT" name="closeBrowser" finished-at="2024-10-03T08:19:43 EDT" duration-ms="749" status="PASS">
          <reporter-output>
          </reporter-output>
        </test-method> <!-- closeBrowser -->
        <test-method is-config="true" signature="setup()[pri:0, instance:com.qa.TestCases.Login@79179359]" started-at="2024-10-03T08:19:43 EDT" name="setup" finished-at="2024-10-03T08:19:49 EDT" duration-ms="5702" status="PASS">
          <reporter-output>
          </reporter-output>
        </test-method> <!-- setup -->
        <test-method signature="validlogin(java.lang.String,java.lang.String)[pri:1, instance:com.qa.TestCases.Login@79179359]" started-at="2024-10-03T08:19:49 EDT" name="validlogin" data-provider="valicredential" finished-at="2024-10-03T08:19:49 EDT" duration-ms="665" status="PASS">
          <params>
            <param index="0">
              <value>
                <![CDATA[masud3386@yahoo.com]]>
              </value>
            </param>
            <param index="1">
              <value>
                <![CDATA[ami]]>
              </value>
            </param>
          </params>
          <reporter-output>
          </reporter-output>
        </test-method> <!-- validlogin -->
        <test-method is-config="true" signature="closeBrowser()[pri:0, instance:com.qa.TestCases.Login@79179359]" started-at="2024-10-03T08:19:49 EDT" name="closeBrowser" finished-at="2024-10-03T08:19:50 EDT" duration-ms="743" status="PASS">
          <reporter-output>
          </reporter-output>
        </test-method> <!-- closeBrowser -->
        <test-method is-config="true" signature="setup()[pri:0, instance:com.qa.TestCases.Login@79179359]" started-at="2024-10-03T08:19:50 EDT" name="setup" finished-at="2024-10-03T08:19:56 EDT" duration-ms="5712" status="PASS">
          <reporter-output>
          </reporter-output>
        </test-method> <!-- setup -->
        <test-method signature="validlogin(java.lang.String,java.lang.String)[pri:1, instance:com.qa.TestCases.Login@79179359]" started-at="2024-10-03T08:19:56 EDT" name="validlogin" data-provider="valicredential" finished-at="2024-10-03T08:19:56 EDT" duration-ms="610" status="PASS">
          <params>
            <param index="0">
              <value>
                <![CDATA[masud3386@yahoo.com]]>
              </value>
            </param>
            <param index="1">
              <value>
                <![CDATA[ami]]>
              </value>
            </param>
          </params>
          <reporter-output>
          </reporter-output>
        </test-method> <!-- validlogin -->
        <test-method is-config="true" signature="closeBrowser()[pri:0, instance:com.qa.TestCases.Login@79179359]" started-at="2024-10-03T08:19:56 EDT" name="closeBrowser" finished-at="2024-10-03T08:19:57 EDT" duration-ms="677" status="PASS">
          <reporter-output>
          </reporter-output>
        </test-method> <!-- closeBrowser -->
        <test-method is-config="true" signature="setup()[pri:0, instance:com.qa.TestCases.Login@79179359]" started-at="2024-10-03T08:19:57 EDT" name="setup" finished-at="2024-10-03T08:20:04 EDT" duration-ms="6878" status="PASS">
          <reporter-output>
          </reporter-output>
        </test-method> <!-- setup -->
        <test-method signature="validlogin(java.lang.String,java.lang.String)[pri:1, instance:com.qa.TestCases.Login@79179359]" started-at="2024-10-03T08:20:04 EDT" name="validlogin" data-provider="valicredential" finished-at="2024-10-03T08:20:06 EDT" duration-ms="1731" status="PASS">
          <params>
            <param index="0">
              <value>
                <![CDATA[]]>
              </value>
            </param>
            <param index="1">
              <value>
                <![CDATA[]]>
              </value>
            </param>
          </params>
          <reporter-output>
          </reporter-output>
        </test-method> <!-- validlogin -->
        <test-method is-config="true" signature="closeBrowser()[pri:0, instance:com.qa.TestCases.Login@79179359]" started-at="2024-10-03T08:20:06 EDT" name="closeBrowser" finished-at="2024-10-03T08:20:06 EDT" duration-ms="733" status="PASS">
          <reporter-output>
          </reporter-output>
        </test-method> <!-- closeBrowser -->
        <test-method is-config="true" signature="setup()[pri:0, instance:com.qa.TestCases.Login@79179359]" started-at="2024-10-03T08:20:06 EDT" name="setup" finished-at="2024-10-03T08:20:12 EDT" duration-ms="5547" status="PASS">
          <reporter-output>
          </reporter-output>
        </test-method> <!-- setup -->
        <test-method signature="invaludLogin()[pri:2, instance:com.qa.TestCases.Login@79179359]" started-at="2024-10-03T08:20:12 EDT" name="invaludLogin" finished-at="2024-10-03T08:20:13 EDT" duration-ms="639" status="PASS">
          <reporter-output>
          </reporter-output>
        </test-method> <!-- invaludLogin -->
        <test-method is-config="true" signature="closeBrowser()[pri:0, instance:com.qa.TestCases.Login@79179359]" started-at="2024-10-03T08:20:13 EDT" name="closeBrowser" finished-at="2024-10-03T08:20:13 EDT" duration-ms="683" status="PASS">
          <reporter-output>
          </reporter-output>
        </test-method> <!-- closeBrowser -->
      </class> <!-- com.qa.TestCases.Login -->
    </test> <!-- Qfox -->
  </suite> <!-- Test Automation -->
</testng-results>
