<?xml version="1.0" encoding="UTF-8"?>
<testsuite xmlns:xsi="http://www.w3.org/2001/XMLSchema-instance" xsi:noNamespaceSchemaLocation="https://maven.apache.org/surefire/maven-surefire-plugin/xsd/surefire-test-report.xsd" version="3.0.2" name="TestSuite" time="61.173" tests="8" errors="0" skipped="0" failures="0">
  <properties>
[...]
</properties>
  <testcase name="makeRegister" classname="com.qa.TestCases.Register" time="1.01">
    <system-out><![CDATA[[INFO ] 2024-10-03 08:19:18,745 Register.setup() - Set up method was excuted
[INFO ] 2024-10-03 08:19:24,338 Register.setup() - Browser was launched
[INFO ] 2024-10-03 08:19:25,287 Register.setup() - my account menu was selected
[INFO ] 2024-10-03 08:19:26,021 Register.setup() - Registration button was clicked
]]></system-out>
  </testcase>
  <testcase name="validlogin[Email, Password](1)" classname="com.qa.TestCases.Login" time="0.612">
    <system-out><![CDATA[[INFO ] 2024-10-03 08:19:27,979 Register.closeBrowser() - Browser was closed
[INFO ] 2024-10-03 08:19:29,208 Login.setup() - My browser was launched succesfully
[INFO ] 2024-10-03 08:19:34,381 Login.setup() - Myaccount menu was selected
[INFO ] 2024-10-03 08:19:34,849 Login.setup() - login menue was selected
[INFO ] 2024-10-03 08:19:34,910 Login.validlogin() - Email text was send
[INFO ] 2024-10-03 08:19:34,934 Login.validlogin() - Password was entered
[INFO ] 2024-10-03 08:19:35,459 Login.validlogin() - Submitt button was clicked
]]></system-out>
  </testcase>
  <testcase name="validlogin[masud3386@yahoo.com, ami](2)" classname="com.qa.TestCases.Login" time="0.819">
    <system-out><![CDATA[[INFO ] 2024-10-03 08:19:36,157 Login.setup() - My browser was launched succesfully
[INFO ] 2024-10-03 08:19:41,312 Login.setup() - Myaccount menu was selected
[INFO ] 2024-10-03 08:19:41,832 Login.setup() - login menue was selected
[INFO ] 2024-10-03 08:19:41,911 Login.validlogin() - Email text was send
[INFO ] 2024-10-03 08:19:41,931 Login.validlogin() - Password was entered
[INFO ] 2024-10-03 08:19:42,658 Login.validlogin() - Submitt button was clicked
]]></system-out>
  </testcase>
  <testcase name="validlogin[masud3386@yahoo.com, ami](3)" classname="com.qa.TestCases.Login" time="0.668">
    <system-out><![CDATA[[INFO ] 2024-10-03 08:19:43,412 Login.setup() - My browser was launched succesfully
[INFO ] 2024-10-03 08:19:48,607 Login.setup() - Myaccount menu was selected
[INFO ] 2024-10-03 08:19:49,113 Login.setup() - login menue was selected
[INFO ] 2024-10-03 08:19:49,207 Login.validlogin() - Email text was send
[INFO ] 2024-10-03 08:19:49,226 Login.validlogin() - Password was entered
[INFO ] 2024-10-03 08:19:49,777 Login.validlogin() - Submitt button was clicked
]]></system-out>
  </testcase>
  <testcase name="validlogin[masud3386@yahoo.com, ami](4)" classname="com.qa.TestCases.Login" time="0.611">
    <system-out><![CDATA[[INFO ] 2024-10-03 08:19:50,527 Login.setup() - My browser was launched succesfully
[INFO ] 2024-10-03 08:19:55,777 Login.setup() - Myaccount menu was selected
[INFO ] 2024-10-03 08:19:56,239 Login.setup() - login menue was selected
[INFO ] 2024-10-03 08:19:56,304 Login.validlogin() - Email text was send
[INFO ] 2024-10-03 08:19:56,319 Login.validlogin() - Password was entered
[INFO ] 2024-10-03 08:19:56,849 Login.validlogin() - Submitt button was clicked
]]></system-out>
  </testcase>
  <testcase name="validlogin[, ](5)" classname="com.qa.TestCases.Login" time="1.732">
    <system-out><![CDATA[[INFO ] 2024-10-03 08:19:57,533 Login.setup() - My browser was launched succesfully
[INFO ] 2024-10-03 08:20:03,650 Login.setup() - Myaccount menu was selected
[INFO ] 2024-10-03 08:20:04,411 Login.setup() - login menue was selected
[INFO ] 2024-10-03 08:20:04,455 Login.validlogin() - Email text was send
[INFO ] 2024-10-03 08:20:04,467 Login.validlogin() - Password was entered
[INFO ] 2024-10-03 08:20:06,142 Login.validlogin() - Submitt button was clicked
]]></system-out>
  </testcase>
  <testcase name="invaludLogin" classname="com.qa.TestCases.Login" time="0.639">
    <system-out><![CDATA[[INFO ] 2024-10-03 08:20:06,877 Login.setup() - My browser was launched succesfully
[INFO ] 2024-10-03 08:20:11,962 Login.setup() - Myaccount menu was selected
[INFO ] 2024-10-03 08:20:12,423 Login.setup() - login menue was selected
]]></system-out>
  </testcase>
  <testcase name="validSearch" classname="com.qa.TestCases.Search" time="0.081">
    <system-out><![CDATA[[INFO ] 2024-10-03 08:20:17,922 Search.setup() - Browser succesfully lauched
[ERROR] 2024-10-03 08:20:17,998 Search.validSearch() - your testcase failed.
]]></system-out>
  </testcase>
</testsuite>