<?xml version="1.0" encoding="UTF-8"?>
<testng-results ignored="0" total="8" passed="8" failed="0" skipped="0">
  <reporter-output>
  </reporter-output>
  <suite started-at="2024-10-01T18:11:00 EDT" name="Test Automation" finished-at="2024-10-01T18:11:50 EDT" duration-ms="49903">
    <groups>
    </groups>
    <test started-at="2024-10-01T18:11:00 EDT" name="Qfox" finished-at="2024-10-01T18:11:50 EDT" duration-ms="49903">
      <class name="com.qa.TestCases.Search">
        <test-method is-config="true" signature="setup()[pri:0, instance:com.qa.TestCases.Search@5ef6ae06]" started-at="2024-10-01T18:11:46 EDT" name="setup" finished-at="2024-10-01T18:11:49 EDT" duration-ms="3914" status="PASS">
          <reporter-output>
          </reporter-output>
        </test-method> <!-- setup -->
        <test-method signature="validSearch()[pri:0, instance:com.qa.TestCases.Search@5ef6ae06]" started-at="2024-10-01T18:11:49 EDT" name="validSearch" finished-at="2024-10-01T18:11:49 EDT" duration-ms="53" status="PASS">
          <reporter-output>
          </reporter-output>
        </test-method> <!-- validSearch -->
        <test-method is-config="true" signature="closeBrowser()[pri:0, instance:com.qa.TestCases.Search@5ef6ae06]" started-at="2024-10-01T18:11:49 EDT" name="closeBrowser" finished-at="2024-10-01T18:11:50 EDT" duration-ms="537" status="PASS">
          <reporter-output>
          </reporter-output>
        </test-method> <!-- closeBrowser -->
      </class> <!-- com.qa.TestCases.Search -->
      <class name="com.qa.TestCases.Register">
        <test-method is-config="true" signature="setup()[pri:0, instance:com.qa.TestCases.Register@495b0487]" started-at="2024-10-01T18:11:00 EDT" name="setup" finished-at="2024-10-01T18:11:06 EDT" duration-ms="6016" status="PASS">
          <reporter-output>
          </reporter-output>
        </test-method> <!-- setup -->
        <test-method signature="makeRegister()[pri:0, instance:com.qa.TestCases.Register@495b0487]" started-at="2024-10-01T18:11:06 EDT" name="makeRegister" finished-at="2024-10-01T18:11:07 EDT" duration-ms="792" status="PASS">
          <reporter-output>
          </reporter-output>
        </test-method> <!-- makeRegister -->
        <test-method is-config="true" signature="closeBrowser()[pri:0, instance:com.qa.TestCases.Register@495b0487]" started-at="2024-10-01T18:11:07 EDT" name="closeBrowser" finished-at="2024-10-01T18:11:08 EDT" duration-ms="634" status="PASS">
          <reporter-output>
          </reporter-output>
        </test-method> <!-- closeBrowser -->
      </class> <!-- com.qa.TestCases.Register -->
      <class name="com.qa.TestCases.Login">
        <test-method is-config="true" signature="setup()[pri:0, instance:com.qa.TestCases.Login@23aa363a]" started-at="2024-10-01T18:11:09 EDT" name="setup" finished-at="2024-10-01T18:11:14 EDT" duration-ms="5027" status="PASS">
          <reporter-output>
          </reporter-output>
        </test-method> <!-- setup -->
        <test-method signature="validlogin(java.lang.String,java.lang.String)[pri:1, instance:com.qa.TestCases.Login@23aa363a]" started-at="2024-10-01T18:11:14 EDT" name="validlogin" data-provider="valicredential" finished-at="2024-10-01T18:11:15 EDT" duration-ms="559" status="PASS">
          <params>
            <param index="0">
              <value>
                <![CDATA[Email]]>
              </value>
            </param>
            <param index="1">
              <value>
                <![CDATA[Password]]>
              </value>
            </param>
          </params>
          <reporter-output>
          </reporter-output>
        </test-method> <!-- validlogin -->
        <test-method is-config="true" signature="closeBrowser()[pri:0, instance:com.qa.TestCases.Login@23aa363a]" started-at="2024-10-01T18:11:15 EDT" name="closeBrowser" finished-at="2024-10-01T18:11:15 EDT" duration-ms="536" status="PASS">
          <reporter-output>
          </reporter-output>
        </test-method> <!-- closeBrowser -->
        <test-method is-config="true" signature="setup()[pri:0, instance:com.qa.TestCases.Login@23aa363a]" started-at="2024-10-01T18:11:15 EDT" name="setup" finished-at="2024-10-01T18:11:20 EDT" duration-ms="5011" status="PASS">
          <reporter-output>
          </reporter-output>
        </test-method> <!-- setup -->
        <test-method signature="validlogin(java.lang.String,java.lang.String)[pri:1, instance:com.qa.TestCases.Login@23aa363a]" started-at="2024-10-01T18:11:20 EDT" name="validlogin" data-provider="valicredential" finished-at="2024-10-01T18:11:21 EDT" duration-ms="546" status="PASS">
          <params>
            <param index="0">
              <value>
                <![CDATA[masud3386@yahoo.com]]>
              </value>
            </param>
            <param index="1">
              <value>
                <![CDATA[ami]]>
              </value>
            </param>
          </params>
          <reporter-output>
          </reporter-output>
        </test-method> <!-- validlogin -->
        <test-method is-config="true" signature="closeBrowser()[pri:0, instance:com.qa.TestCases.Login@23aa363a]" started-at="2024-10-01T18:11:21 EDT" name="closeBrowser" finished-at="2024-10-01T18:11:21 EDT" duration-ms="537" status="PASS">
          <reporter-output>
          </reporter-output>
        </test-method> <!-- closeBrowser -->
        <test-method is-config="true" signature="setup()[pri:0, instance:com.qa.TestCases.Login@23aa363a]" started-at="2024-10-01T18:11:21 EDT" name="setup" finished-at="2024-10-01T18:11:27 EDT" duration-ms="5078" status="PASS">
          <reporter-output>
          </reporter-output>
        </test-method> <!-- setup -->
        <test-method signature="validlogin(java.lang.String,java.lang.String)[pri:1, instance:com.qa.TestCases.Login@23aa363a]" started-at="2024-10-01T18:11:27 EDT" name="validlogin" data-provider="valicredential" finished-at="2024-10-01T18:11:27 EDT" duration-ms="382" status="PASS">
          <params>
            <param index="0">
              <value>
                <![CDATA[masud3386@yahoo.com]]>
              </value>
            </param>
            <param index="1">
              <value>
                <![CDATA[ami]]>
              </value>
            </param>
          </params>
          <reporter-output>
          </reporter-output>
        </test-method> <!-- validlogin -->
        <test-method is-config="true" signature="closeBrowser()[pri:0, instance:com.qa.TestCases.Login@23aa363a]" started-at="2024-10-01T18:11:27 EDT" name="closeBrowser" finished-at="2024-10-01T18:11:27 EDT" duration-ms="550" status="PASS">
          <reporter-output>
          </reporter-output>
        </test-method> <!-- closeBrowser -->
        <test-method is-config="true" signature="setup()[pri:0, instance:com.qa.TestCases.Login@23aa363a]" started-at="2024-10-01T18:11:27 EDT" name="setup" finished-at="2024-10-01T18:11:32 EDT" duration-ms="4937" status="PASS">
          <reporter-output>
          </reporter-output>
        </test-method> <!-- setup -->
        <test-method signature="validlogin(java.lang.String,java.lang.String)[pri:1, instance:com.qa.TestCases.Login@23aa363a]" started-at="2024-10-01T18:11:32 EDT" name="validlogin" data-provider="valicredential" finished-at="2024-10-01T18:11:33 EDT" duration-ms="440" status="PASS">
          <params>
            <param index="0">
              <value>
                <![CDATA[masud3386@yahoo.com]]>
              </value>
            </param>
            <param index="1">
              <value>
                <![CDATA[ami]]>
              </value>
            </param>
          </params>
          <reporter-output>
          </reporter-output>
        </test-method> <!-- validlogin -->
        <test-method is-config="true" signature="closeBrowser()[pri:0, instance:com.qa.TestCases.Login@23aa363a]" started-at="2024-10-01T18:11:33 EDT" name="closeBrowser" finished-at="2024-10-01T18:11:33 EDT" duration-ms="533" status="PASS">
          <reporter-output>
          </reporter-output>
        </test-method> <!-- closeBrowser -->
        <test-method is-config="true" signature="setup()[pri:0, instance:com.qa.TestCases.Login@23aa363a]" started-at="2024-10-01T18:11:33 EDT" name="setup" finished-at="2024-10-01T18:11:38 EDT" duration-ms="4942" status="PASS">
          <reporter-output>
          </reporter-output>
        </test-method> <!-- setup -->
        <test-method signature="validlogin(java.lang.String,java.lang.String)[pri:1, instance:com.qa.TestCases.Login@23aa363a]" started-at="2024-10-01T18:11:38 EDT" name="validlogin" data-provider="valicredential" finished-at="2024-10-01T18:11:39 EDT" duration-ms="578" status="PASS">
          <params>
            <param index="0">
              <value>
                <![CDATA[]]>
              </value>
            </param>
            <param index="1">
              <value>
                <![CDATA[]]>
              </value>
            </param>
          </params>
          <reporter-output>
          </reporter-output>
        </test-method> <!-- validlogin -->
        <test-method is-config="true" signature="closeBrowser()[pri:0, instance:com.qa.TestCases.Login@23aa363a]" started-at="2024-10-01T18:11:39 EDT" name="closeBrowser" finished-at="2024-10-01T18:11:39 EDT" duration-ms="546" status="PASS">
          <reporter-output>
          </reporter-output>
        </test-method> <!-- closeBrowser -->
        <test-method is-config="true" signature="setup()[pri:0, instance:com.qa.TestCases.Login@23aa363a]" started-at="2024-10-01T18:11:39 EDT" name="setup" finished-at="2024-10-01T18:11:44 EDT" duration-ms="4967" status="PASS">
          <reporter-output>
          </reporter-output>
        </test-method> <!-- setup -->
        <test-method signature="invaludLogin()[pri:2, instance:com.qa.TestCases.Login@23aa363a]" started-at="2024-10-01T18:11:44 EDT" name="invaludLogin" finished-at="2024-10-01T18:11:45 EDT" duration-ms="589" status="PASS">
          <reporter-output>
          </reporter-output>
        </test-method> <!-- invaludLogin -->
        <test-method is-config="true" signature="closeBrowser()[pri:0, instance:com.qa.TestCases.Login@23aa363a]" started-at="2024-10-01T18:11:45 EDT" name="closeBrowser" finished-at="2024-10-01T18:11:46 EDT" duration-ms="540" status="PASS">
          <reporter-output>
          </reporter-output>
        </test-method> <!-- closeBrowser -->
      </class> <!-- com.qa.TestCases.Login -->
    </test> <!-- Qfox -->
  </suite> <!-- Test Automation -->
</testng-results>
